Using pre-set license
Built from '2020.3/staging' branch; Version is '2020.3.4f1 (0abb6314276a) revision 703331'; Using compiler version '192528614'; Build Type 'Release'
OS: 'Windows 10 Pro; OS build 19041.1052; Version 2004; 64bit' Language: 'en' Physical Memory: 16315 MB
BatchMode: 1, IsHumanControllingUs: 0, StartBugReporterOnCrash: 0, Is64bit: 1, IsPro: 0

 COMMAND LINE ARGUMENTS:
D:\Dev\Unity hub\2020.3.4f1\Editor\Unity.exe
-adb2
-batchMode
-noUpm
-name
AssetImportWorker0
-projectPath
D:/Dev/diploma/DPAR-Client/DPAR
-logFile
Logs/AssetImportWorker0.log
-srvPort
49447
Successfully changed project path to: D:/Dev/diploma/DPAR-Client/DPAR
D:/Dev/diploma/DPAR-Client/DPAR
Using Asset Import Pipeline V2.
Refreshing native plugins compatible for Editor in 27.14 ms, found 0 plugins.
Preloading 0 native plugins for Editor in 0.00 ms.
Initialize engine version: 2020.3.4f1 (0abb6314276a)
[Subsystems] Discovering subsystems at path D:/Dev/Unity hub/2020.3.4f1/Editor/Data/Resources/UnitySubsystems
[Subsystems] Discovering subsystems at path D:/Dev/diploma/DPAR-Client/DPAR/Assets
GfxDevice: creating device client; threaded=0
Direct3D:
    Version:  Direct3D 11.0 [level 11.1]
    Renderer: NVIDIA GeForce RTX 2080 SUPER (ID=0x1e81)
    Vendor:   
    VRAM:     8010 MB
    Driver:   27.21.14.6140
Initialize mono
Mono path[0] = 'D:/Dev/Unity hub/2020.3.4f1/Editor/Data/Managed'
Mono path[1] = 'D:/Dev/Unity hub/2020.3.4f1/Editor/Data/MonoBleedingEdge/lib/mono/unityjit'
Mono config path = 'D:/Dev/Unity hub/2020.3.4f1/Editor/Data/MonoBleedingEdge/etc'
Using monoOptions --debugger-agent=transport=dt_socket,embedding=1,server=y,suspend=n,address=127.0.0.1:56144
Begin MonoManager ReloadAssembly
Registering precompiled unity dll's ...
Register platform support module: D:/Dev/Unity hub/2020.3.4f1/Editor/Data/PlaybackEngines/WindowsStandaloneSupport/UnityEditor.WindowsStandalone.Extensions.dll
Registered in 0.000747 seconds.
Native extension for WindowsStandalone target not found
Refreshing native plugins compatible for Editor in 25.18 ms, found 0 plugins.
Preloading 0 native plugins for Editor in 0.00 ms.
Mono: successfully reloaded assembly
- Completed reload, in  1.193 seconds
Platform modules already initialized, skipping
Registering precompiled user dll's ...
Registered in 0.000483 seconds.
Begin MonoManager ReloadAssembly
Native extension for WindowsStandalone target not found
Refreshing native plugins compatible for Editor in 0.28 ms, found 0 plugins.
Preloading 0 native plugins for Editor in 0.00 ms.
Mono: successfully reloaded assembly
- Completed reload, in  1.230 seconds
Platform modules already initialized, skipping
========================================================================
Worker process is ready to serve import requests
Launched and connected shader compiler UnityShaderCompiler.exe after 0.04 seconds
Refreshing native plugins compatible for Editor in 0.28 ms, found 0 plugins.
Preloading 0 native plugins for Editor in 0.00 ms.
Unloading 1438 Unused Serialized files (Serialized files now loaded: 0)
System memory in use before: 68.0 MB.
System memory in use after: 68.1 MB.

Unloading 11 unused Assets to reduce memory usage. Loaded Objects now: 1889.
Total: 2.569000 ms (FindLiveObjects: 0.292200 ms CreateObjectMapping: 0.278100 ms MarkObjects: 1.916900 ms  DeleteObjects: 0.080400 ms)

========================================================================
Received Import Request.
  path: Assets/Scripts/ARTap.cs
  artifactKey: Guid(a2716454355f6994ba5b92624eadc099) Importer(815301076,1909f56bfc062723c751e8b465ee728b)
Start importing Assets/Scripts/ARTap.cs using Guid(a2716454355f6994ba5b92624eadc099) Importer(815301076,1909f56bfc062723c751e8b465ee728b)  -> (artifact id: 'cdd95e4428dda6475655fda0148224e3') in 0.018530 seconds
  Import took 0.035197 seconds .

AssetImportWorkerClient::OnTransportError - code=2 error=End of file
